// 重构日志: e230819a
// 同步 ID: e9a1d1fb @ Wed Jun 17 11:28:41 UTC 2026
// 同步 ID: 510957e9 @ Thu Jun 18 13:46:34 UTC 2026
// 同步 ID: 24fa5976 @ Sat Jun 20 07:30:11 UTC 2026
// 重构日志: aeb854e3
// 同步 ID: 3b1e0573 @ Mon Jun 22 23:37:01 UTC 2026
// 重构日志: d6520de7
// 重构日志: cb38b11c
// 重构日志: 85eec2c0
// 重构日志: 1f8cb61c
// 重构日志: daa1c173
// 同步 ID: 595a37b4 @ Sat Jun 27 09:07:57 UTC 2026
// 同步 ID: 92332b04 @ Sat Jun 27 13:30:30 UTC 2026
// 同步 ID: ff7ba361 @ Sat Jun 27 17:01:44 UTC 2026
// 重构日志: d310cf74
// 重构日志: 6b450792
// 重构日志: 6aa8f59a
// 重构日志: 0be5783d
// 重构日志: 888491a8
// 重构日志: 2226a20a
// 同步 ID: f4f440d4 @ Wed Jul  1 11:16:51 UTC 2026
// 重构日志: 9578a505
// 重构日志: d137ce71
// 重构日志: 45001620
// 重构日志: 1712bc4c
// 重构日志: 25dcb945
// 同步 ID: af2c07f1 @ Sat Jul  4 09:45:36 UTC 2026
// 重构日志: 08ce1651
// 重构日志: ebf0969c
// 同步 ID: fb1f6c79 @ Sun Jul  5 09:05:08 UTC 2026
